<?xml version="1.0" encoding="UTF-8"?>
<!-- Generated by org.testng.reporters.JUnitXMLReporter -->
<testsuite ignored="0" hostname="RameshCh" failures="0" tests="4" name="Default test" time="0.172" errors="0" timestamp="2023-01-26T13:08:13 MST">
  <testcase classname="com.qa.opencart.factory.TestBase" name="@BeforeClass commonSetUp" time="-1.674763693169E9">
    <failure type="org.testng.TestNGException" message="
Parameter &amp;apos;browser&amp;apos; is required by BeforeClass on method commonSetUp but has not been marked @Optional or defined
in C:\Users\rames\AppData\Local\Temp\testng-eclipse-98728023\testng-customsuite.xml">
      <![CDATA[org.testng.TestNGException: 
Parameter 'browser' is required by BeforeClass on method commonSetUp but has not been marked @Optional or defined
in C:\Users\rames\AppData\Local\Temp\testng-eclipse-98728023\testng-customsuite.xml
at org.testng.internal.Parameters.createParams(Parameters.java:270)
at org.testng.internal.Parameters.createParametersForMethod(Parameters.java:358)
at org.testng.internal.Parameters.createParameters(Parameters.java:700)
at org.testng.internal.Parameters.createConfigurationParameters(Parameters.java:168)
at org.testng.internal.ConfigInvoker.invokeConfigurations(ConfigInvoker.java:302)
at org.testng.internal.TestMethodWorker.invokeBeforeClassMethods(TestMethodWorker.java:176)
at org.testng.internal.TestMethodWorker.run(TestMethodWorker.java:122)
at java.base/java.util.ArrayList.forEach(ArrayList.java:1541)
at org.testng.TestRunner.privateRun(TestRunner.java:794)
at org.testng.TestRunner.run(TestRunner.java:596)
at org.testng.SuiteRunner.runTest(SuiteRunner.java:377)
at org.testng.SuiteRunner.runSequentially(SuiteRunner.java:371)
at org.testng.SuiteRunner.privateRun(SuiteRunner.java:332)
at org.testng.SuiteRunner.run(SuiteRunner.java:276)
at org.testng.SuiteRunnerWorker.runSuite(SuiteRunnerWorker.java:53)
at org.testng.SuiteRunnerWorker.run(SuiteRunnerWorker.java:96)
at org.testng.TestNG.runSuitesSequentially(TestNG.java:1212)
at org.testng.TestNG.runSuitesLocally(TestNG.java:1134)
at org.testng.TestNG.runSuites(TestNG.java:1063)
at org.testng.TestNG.run(TestNG.java:1031)
at org.testng.remote.AbstractRemoteTestNG.run(AbstractRemoteTestNG.java:115)
at org.testng.remote.RemoteTestNG.initAndRun(RemoteTestNG.java:251)
at org.testng.remote.RemoteTestNG.main(RemoteTestNG.java:77)
]]>
    </failure>
  </testcase> <!-- @BeforeClass commonSetUp -->
  <testcase classname="com.qa.opencart.testcase.HomePageTest" name="@BeforeClass beforeClass" time="-1.674763693271E9">
    <skipped/>
  </testcase> <!-- @BeforeClass beforeClass -->
  <testcase classname="com.qa.opencart.factory.TestBase" name="@AfterClass commonTearDown" time="-1.674763693315E9">
    <skipped/>
  </testcase> <!-- @AfterClass commonTearDown -->
  <testcase classname="com.qa.opencart.testcase.HomePageTest" name="opencartLogoTest" time="0.0">
    <skipped/>
  </testcase> <!-- opencartLogoTest -->
  <testcase classname="com.qa.opencart.testcase.HomePageTest" name="opencartTitleTest" time="0.0">
    <skipped/>
  </testcase> <!-- opencartTitleTest -->
  <testcase classname="com.qa.opencart.testcase.HomePageTest" name="navigateToRegisterTest" time="0.0">
    <skipped/>
  </testcase> <!-- navigateToRegisterTest -->
  <testcase classname="com.qa.opencart.testcase.HomePageTest" name="navigateToLoginTest" time="0.0">
    <skipped/>
  </testcase> <!-- navigateToLoginTest -->
</testsuite> <!-- Default test -->
