<?xml version="1.0" encoding="UTF-8"?>
<!-- Generated by org.testng.reporters.JUnitXMLReporter -->
<testsuite ignored="0" hostname="RameshCh" failures="6" tests="11" name="OpencartTest" time="1.364" errors="0" timestamp="2023-02-02T18:11:06 MST">
  <testcase classname="com.qa.opencart.testcase.RegistrationTest" name="@BeforeTest setupRegData" time="0.752">
    <failure type="java.lang.RuntimeException" message="address.county_by_postcode.Strackeshire resulted in null expression">
      <![CDATA[java.lang.RuntimeException: address.county_by_postcode.Strackeshire resulted in null expression
at com.github.javafaker.service.FakeValuesService.resolve(FakeValuesService.java:308)
at com.github.javafaker.Address.countyByZipCode(Address.java:43)
at com.qa.opencart.testcase.RegistrationTest.setupRegData(RegistrationTest.java:55)
... Removed 24 stack frames]]>
    </failure>
  </testcase> <!-- @BeforeTest setupRegData -->
  <testcase classname="com.qa.opencart.factory.TestBase" name="@BeforeClass commonSetUp" time="-1.675386666466E9">
    <skipped/>
  </testcase> <!-- @BeforeClass commonSetUp -->
  <testcase classname="com.qa.opencart.testcase.HomePageTest" name="@BeforeClass beforeClass" time="-1.675386666467E9">
    <skipped/>
  </testcase> <!-- @BeforeClass beforeClass -->
  <testcase classname="com.qa.opencart.testcase.HomePageTest" name="@BeforeMethod beforeMethod" time="-1.675386666475E9">
    <skipped/>
  </testcase> <!-- @BeforeMethod beforeMethod -->
  <testcase classname="com.qa.opencart.testcase.HomePageTest" name="@BeforeMethod beforeMethod" time="-1.675386666512E9">
    <skipped/>
  </testcase> <!-- @BeforeMethod beforeMethod -->
  <testcase classname="com.qa.opencart.testcase.HomePageTest" name="@BeforeMethod beforeMethod" time="-1.675386666523E9">
    <skipped/>
  </testcase> <!-- @BeforeMethod beforeMethod -->
  <testcase classname="com.qa.opencart.testcase.HomePageTest" name="@BeforeMethod beforeMethod" time="-1.675386666534E9">
    <skipped/>
  </testcase> <!-- @BeforeMethod beforeMethod -->
  <testcase classname="com.qa.opencart.factory.TestBase" name="@AfterClass commonTearDown" time="-1.675386666545E9">
    <skipped/>
  </testcase> <!-- @AfterClass commonTearDown -->
  <testcase classname="com.qa.opencart.factory.TestBase" name="@BeforeClass commonSetUp" time="-1.675386666547E9">
    <skipped/>
  </testcase> <!-- @BeforeClass commonSetUp -->
  <testcase classname="com.qa.opencart.testcase.RegistrationTest" name="@BeforeClass beforeClass" time="-1.675386666548E9">
    <skipped/>
  </testcase> <!-- @BeforeClass beforeClass -->
  <testcase classname="com.qa.opencart.testcase.RegistrationTest" name="@BeforeMethod preCondition" time="-1.675386666961E9">
    <skipped/>
  </testcase> <!-- @BeforeMethod preCondition -->
  <testcase classname="com.qa.opencart.factory.TestBase" name="@AfterClass commonTearDown" time="-1.675386666969E9">
    <skipped/>
  </testcase> <!-- @AfterClass commonTearDown -->
  <testcase classname="com.qa.opencart.testcase.HomePageTest" name="verifyOpenCartLogoTest" time="0.0">
    <skipped/>
  </testcase> <!-- verifyOpenCartLogoTest -->
  <testcase classname="com.qa.opencart.testcase.HomePageTest" name="verifyOpenCartLogoTest" time="0.038">
    <failure type="java.lang.NullPointerException">
      <![CDATA[java.lang.NullPointerException
at com.qa.opencart.factory.WebDriverFactory.getScreenshot(WebDriverFactory.java:347)
at com.qa.opencart.listeners.ExtentReportListener.onTestSkipped(ExtentReportListener.java:111)
at java.base/java.util.ArrayList.forEach(ArrayList.java:1541)
... Removed 25 stack frames]]>
    </failure>
  </testcase> <!-- verifyOpenCartLogoTest -->
  <testcase classname="com.qa.opencart.testcase.HomePageTest" name="verifyOpenCartTitleTest" time="0.0">
    <skipped/>
  </testcase> <!-- verifyOpenCartTitleTest -->
  <testcase classname="com.qa.opencart.testcase.HomePageTest" name="verifyOpenCartTitleTest" time="0.007">
    <failure type="java.lang.NullPointerException">
      <![CDATA[java.lang.NullPointerException
at com.qa.opencart.factory.WebDriverFactory.getScreenshot(WebDriverFactory.java:347)
at com.qa.opencart.listeners.ExtentReportListener.onTestSkipped(ExtentReportListener.java:111)
at java.base/java.util.ArrayList.forEach(ArrayList.java:1541)
... Removed 25 stack frames]]>
    </failure>
  </testcase> <!-- verifyOpenCartTitleTest -->
  <testcase classname="com.qa.opencart.testcase.HomePageTest" name="navigateRegistrationPageTest" time="0.0">
    <skipped/>
  </testcase> <!-- navigateRegistrationPageTest -->
  <testcase classname="com.qa.opencart.testcase.HomePageTest" name="navigateRegistrationPageTest" time="0.008">
    <failure type="java.lang.NullPointerException">
      <![CDATA[java.lang.NullPointerException
at com.qa.opencart.factory.WebDriverFactory.getScreenshot(WebDriverFactory.java:347)
at com.qa.opencart.listeners.ExtentReportListener.onTestSkipped(ExtentReportListener.java:111)
at java.base/java.util.ArrayList.forEach(ArrayList.java:1541)
... Removed 25 stack frames]]>
    </failure>
  </testcase> <!-- navigateRegistrationPageTest -->
  <testcase classname="com.qa.opencart.testcase.HomePageTest" name="navigateToLoginPageTest" time="0.0">
    <skipped/>
  </testcase> <!-- navigateToLoginPageTest -->
  <testcase classname="com.qa.opencart.testcase.HomePageTest" name="navigateToLoginPageTest" time="0.007">
    <failure type="java.lang.NullPointerException">
      <![CDATA[java.lang.NullPointerException
at com.qa.opencart.factory.WebDriverFactory.getScreenshot(WebDriverFactory.java:347)
at com.qa.opencart.listeners.ExtentReportListener.onTestSkipped(ExtentReportListener.java:111)
at java.base/java.util.ArrayList.forEach(ArrayList.java:1541)
... Removed 25 stack frames]]>
    </failure>
  </testcase> <!-- navigateToLoginPageTest -->
  <testcase classname="com.qa.opencart.testcase.RegistrationTest" name="registrationDataDrivenTest" time="0.409">
    <failure type="org.testng.internal.reflect.MethodMatcherException" message="
[public void com.qa.opencart.testcase.RegistrationTest.registrationDataDrivenTest(java.lang.String,java.lang.String,java.lang.String,java.lang.String,java.lang.String,java.lang.String) throws java.lang.InterruptedException] has no parameters defined but was found to be using a data provider (either explicitly specified or inherited from class level annotation).
Data provider mismatch
Method: registrationDataDrivenTest([Parameter{index=0, type=java.lang.String, declaredAnnotations=[]}, Parameter{index=1, type=java.lang.String, declaredAnnotations=[]}, Parameter{index=2, type=java.lang.String, declaredAnnotations=[]}, Parameter{index=3, type=java.lang.String, declaredAnnotations=[]}, Parameter{index=4, type=java.lang.String, declaredAnnotations=[]}, Parameter{index=5, type=java.lang.String, declaredAnnotations=[]}])
Arguments: [(java.lang.String) Vandana,(java.lang.String) senthil,(java.lang.String) 3146069849,(java.lang.String) vandana@123,(java.lang.String) yes]">
      <![CDATA[org.testng.internal.reflect.MethodMatcherException: 
[public void com.qa.opencart.testcase.RegistrationTest.registrationDataDrivenTest(java.lang.String,java.lang.String,java.lang.String,java.lang.String,java.lang.String,java.lang.String) throws java.lang.InterruptedException] has no parameters defined but was found to be using a data provider (either explicitly specified or inherited from class level annotation).
Data provider mismatch
Method: registrationDataDrivenTest([Parameter{index=0, type=java.lang.String, declaredAnnotations=[]}, Parameter{index=1, type=java.lang.String, declaredAnnotations=[]}, Parameter{index=2, type=java.lang.String, declaredAnnotations=[]}, Parameter{index=3, type=java.lang.String, declaredAnnotations=[]}, Parameter{index=4, type=java.lang.String, declaredAnnotations=[]}, Parameter{index=5, type=java.lang.String, declaredAnnotations=[]}])
Arguments: [(java.lang.String) Vandana,(java.lang.String) senthil,(java.lang.String) 3146069849,(java.lang.String) vandana@123,(java.lang.String) yes]
at java.base/java.util.ArrayList.forEach(ArrayList.java:1541)
... Removed 22 stack frames]]>
    </failure>
  </testcase> <!-- registrationDataDrivenTest -->
  <testcase classname="com.qa.opencart.testcase.RegistrationTest" name="registrationTest" time="0.0">
    <skipped/>
  </testcase> <!-- registrationTest -->
  <testcase classname="com.qa.opencart.testcase.RegistrationTest" name="registrationTest" time="0.005">
    <failure type="java.lang.NullPointerException">
      <![CDATA[java.lang.NullPointerException
at com.qa.opencart.factory.WebDriverFactory.getScreenshot(WebDriverFactory.java:347)
at com.qa.opencart.listeners.ExtentReportListener.onTestSkipped(ExtentReportListener.java:111)
at java.base/java.util.ArrayList.forEach(ArrayList.java:1541)
... Removed 25 stack frames]]>
    </failure>
  </testcase> <!-- registrationTest -->
</testsuite> <!-- OpencartTest -->
